{
"/Users/simongattner/Documents/projects/js.device.detector/src/js/jquery.device.detector.js":{"path":"/Users/simongattner/Documents/projects/js.device.detector/src/js/jquery.device.detector.js","s":{"1":1,"2":1,"3":2,"4":2,"5":2,"6":1,"7":5,"8":1,"9":5,"10":1,"11":5,"12":1,"13":5,"14":1,"15":5,"16":1,"17":4,"18":1,"19":5,"20":1,"21":5,"22":1,"23":4,"24":1,"25":5,"26":1,"27":5,"28":1,"29":5,"30":1,"31":5,"32":1,"33":5,"34":1,"35":5,"36":1,"37":5,"38":1,"39":5,"40":1,"41":5,"42":1,"43":5,"44":1,"45":5,"46":1,"47":5,"48":1,"49":5,"50":1,"51":5,"52":1,"53":5,"54":1,"55":5,"56":1,"57":5,"58":1,"59":6,"60":1,"61":5,"62":1,"63":5,"64":1,"65":5,"66":1,"67":5,"68":1,"69":5,"70":1,"71":2,"72":1,"73":3,"74":1,"75":845,"76":1351,"77":1,"78":1,"79":841,"80":841,"81":841,"82":1174,"83":1174,"84":1174,"85":67,"86":841,"87":1,"88":1,"89":419,"90":419,"91":419,"92":419,"93":342,"94":419,"95":305,"96":419,"97":419,"98":419,"99":419,"100":0,"101":1,"102":1,"103":12,"104":12,"105":12,"106":120,"107":120,"108":0,"109":0,"110":12,"111":1,"112":1,"113":41,"114":41,"115":205,"116":205,"117":41,"118":41,"119":41,"120":1,"121":1,"122":32,"123":32,"124":32,"125":384,"126":384,"127":32,"128":32,"129":32,"130":32,"131":32,"132":32,"133":32,"134":1,"135":1,"136":11,"137":11,"138":88,"139":88,"140":11,"141":11,"142":11,"143":1,"144":1,"145":6,"146":6,"147":30,"148":0,"149":6,"150":1,"151":1,"152":1,"153":1,"154":1,"155":1,"156":1,"157":1,"158":1,"159":1,"160":1,"161":1},"b":{"1":[2,0],"2":[5,5,5,5,5],"3":[5,0,0],"4":[167,1184],"5":[1174,1107],"6":[67,1107],"7":[342,77],"8":[305,114],"9":[419,0],"10":[0,120],"11":[41,164],"12":[35,6],"13":[32,352],"14":[32,32],"15":[32,32],"16":[32,32],"17":[32,32],"18":[11,77],"19":[5,6],"20":[0,30],"21":[30,6]},"f":{"1":1,"2":2,"3":5,"4":5,"5":5,"6":5,"7":5,"8":4,"9":5,"10":5,"11":4,"12":5,"13":5,"14":5,"15":5,"16":5,"17":5,"18":5,"19":5,"20":5,"21":5,"22":5,"23":5,"24":5,"25":5,"26":5,"27":5,"28":5,"29":6,"30":5,"31":5,"32":5,"33":5,"34":5,"35":2,"36":3,"37":845,"38":1351,"39":841,"40":1174,"41":419,"42":12,"43":120,"44":41,"45":205,"46":32,"47":384,"48":11,"49":88,"50":6,"51":30},"fnMap":{"1":{"name":"(anonymous_1)","line":14,"loc":{"start":{"line":14,"column":1},"end":{"line":14,"column":13}}},"2":{"name":"(anonymous_2)","line":22,"loc":{"start":{"line":22,"column":24},"end":{"line":22,"column":42}}},"3":{"name":"(anonymous_3)","line":33,"loc":{"start":{"line":33,"column":33},"end":{"line":33,"column":44}}},"4":{"name":"(anonymous_4)","line":62,"loc":{"start":{"line":62,"column":34},"end":{"line":62,"column":45}}},"5":{"name":"(anonymous_5)","line":83,"loc":{"start":{"line":83,"column":33},"end":{"line":83,"column":44}}},"6":{"name":"(anonymous_6)","line":96,"loc":{"start":{"line":96,"column":31},"end":{"line":96,"column":42}}},"7":{"name":"(anonymous_7)","line":109,"loc":{"start":{"line":109,"column":33},"end":{"line":109,"column":44}}},"8":{"name":"(anonymous_8)","line":122,"loc":{"start":{"line":122,"column":30},"end":{"line":122,"column":41}}},"9":{"name":"(anonymous_9)","line":135,"loc":{"start":{"line":135,"column":32},"end":{"line":135,"column":43}}},"10":{"name":"(anonymous_10)","line":148,"loc":{"start":{"line":148,"column":33},"end":{"line":148,"column":44}}},"11":{"name":"(anonymous_11)","line":161,"loc":{"start":{"line":161,"column":34},"end":{"line":161,"column":45}}},"12":{"name":"(anonymous_12)","line":174,"loc":{"start":{"line":174,"column":34},"end":{"line":174,"column":45}}},"13":{"name":"(anonymous_13)","line":187,"loc":{"start":{"line":187,"column":31},"end":{"line":187,"column":42}}},"14":{"name":"(anonymous_14)","line":200,"loc":{"start":{"line":200,"column":31},"end":{"line":200,"column":42}}},"15":{"name":"(anonymous_15)","line":213,"loc":{"start":{"line":213,"column":29},"end":{"line":213,"column":40}}},"16":{"name":"(anonymous_16)","line":226,"loc":{"start":{"line":226,"column":35},"end":{"line":226,"column":46}}},"17":{"name":"(anonymous_17)","line":239,"loc":{"start":{"line":239,"column":34},"end":{"line":239,"column":45}}},"18":{"name":"(anonymous_18)","line":252,"loc":{"start":{"line":252,"column":39},"end":{"line":252,"column":50}}},"19":{"name":"(anonymous_19)","line":265,"loc":{"start":{"line":265,"column":32},"end":{"line":265,"column":43}}},"20":{"name":"(anonymous_20)","line":278,"loc":{"start":{"line":278,"column":36},"end":{"line":278,"column":47}}},"21":{"name":"(anonymous_21)","line":291,"loc":{"start":{"line":291,"column":37},"end":{"line":291,"column":48}}},"22":{"name":"(anonymous_22)","line":304,"loc":{"start":{"line":304,"column":32},"end":{"line":304,"column":43}}},"23":{"name":"(anonymous_23)","line":317,"loc":{"start":{"line":317,"column":30},"end":{"line":317,"column":41}}},"24":{"name":"(anonymous_24)","line":330,"loc":{"start":{"line":330,"column":42},"end":{"line":330,"column":53}}},"25":{"name":"(anonymous_25)","line":340,"loc":{"start":{"line":340,"column":39},"end":{"line":340,"column":50}}},"26":{"name":"(anonymous_26)","line":350,"loc":{"start":{"line":350,"column":37},"end":{"line":350,"column":48}}},"27":{"name":"(anonymous_27)","line":360,"loc":{"start":{"line":360,"column":37},"end":{"line":360,"column":48}}},"28":{"name":"(anonymous_28)","line":370,"loc":{"start":{"line":370,"column":43},"end":{"line":370,"column":54}}},"29":{"name":"(anonymous_29)","line":380,"loc":{"start":{"line":380,"column":47},"end":{"line":380,"column":58}}},"30":{"name":"(anonymous_30)","line":390,"loc":{"start":{"line":390,"column":42},"end":{"line":390,"column":53}}},"31":{"name":"(anonymous_31)","line":400,"loc":{"start":{"line":400,"column":42},"end":{"line":400,"column":53}}},"32":{"name":"(anonymous_32)","line":410,"loc":{"start":{"line":410,"column":43},"end":{"line":410,"column":54}}},"33":{"name":"(anonymous_33)","line":420,"loc":{"start":{"line":420,"column":34},"end":{"line":420,"column":45}}},"34":{"name":"(anonymous_34)","line":430,"loc":{"start":{"line":430,"column":32},"end":{"line":430,"column":43}}},"35":{"name":"(anonymous_35)","line":440,"loc":{"start":{"line":440,"column":36},"end":{"line":440,"column":47}}},"36":{"name":"(anonymous_36)","line":450,"loc":{"start":{"line":450,"column":32},"end":{"line":450,"column":43}}},"37":{"name":"removeEmptyValuesFromArray","line":494,"loc":{"start":{"line":494,"column":2},"end":{"line":494,"column":43}}},"38":{"name":"(anonymous_38)","line":495,"loc":{"start":{"line":495,"column":23},"end":{"line":495,"column":39}}},"39":{"name":"isMatching","line":510,"loc":{"start":{"line":510,"column":2},"end":{"line":510,"column":27}}},"40":{"name":"(anonymous_40)","line":513,"loc":{"start":{"line":513,"column":19},"end":{"line":513,"column":44}}},"41":{"name":"isDeviceType","line":534,"loc":{"start":{"line":534,"column":2},"end":{"line":534,"column":44}}},"42":{"name":"getBrowserVersion","line":565,"loc":{"start":{"line":565,"column":2},"end":{"line":565,"column":31}}},"43":{"name":"(anonymous_43)","line":570,"loc":{"start":{"line":570,"column":37},"end":{"line":570,"column":58}}},"44":{"name":"getBrowserName","line":593,"loc":{"start":{"line":593,"column":2},"end":{"line":593,"column":36}}},"45":{"name":"(anonymous_45)","line":595,"loc":{"start":{"line":595,"column":34},"end":{"line":595,"column":55}}},"46":{"name":"getOsVersion","line":625,"loc":{"start":{"line":625,"column":2},"end":{"line":625,"column":26}}},"47":{"name":"(anonymous_47)","line":637,"loc":{"start":{"line":637,"column":32},"end":{"line":637,"column":53}}},"48":{"name":"getOsName","line":665,"loc":{"start":{"line":665,"column":2},"end":{"line":665,"column":31}}},"49":{"name":"(anonymous_49)","line":667,"loc":{"start":{"line":667,"column":29},"end":{"line":667,"column":50}}},"50":{"name":"isSupported","line":689,"loc":{"start":{"line":689,"column":2},"end":{"line":689,"column":25}}},"51":{"name":"(anonymous_51)","line":691,"loc":{"start":{"line":691,"column":28},"end":{"line":691,"column":49}}}},"statementMap":{"1":{"start":{"line":14,"column":0},"end":{"line":1206,"column":11}},"2":{"start":{"line":22,"column":2},"end":{"line":25,"column":4}},"3":{"start":{"line":23,"column":4},"end":{"line":23,"column":70}},"4":{"start":{"line":23,"column":38},"end":{"line":23,"column":70}},"5":{"start":{"line":24,"column":4},"end":{"line":24,"column":16}},"6":{"start":{"line":33,"column":2},"end":{"line":54,"column":4}},"7":{"start":{"line":34,"column":4},"end":{"line":53,"column":6}},"8":{"start":{"line":62,"column":2},"end":{"line":75,"column":4}},"9":{"start":{"line":63,"column":4},"end":{"line":74,"column":6}},"10":{"start":{"line":83,"column":2},"end":{"line":88,"column":4}},"11":{"start":{"line":84,"column":4},"end":{"line":87,"column":6}},"12":{"start":{"line":96,"column":2},"end":{"line":101,"column":4}},"13":{"start":{"line":97,"column":4},"end":{"line":100,"column":6}},"14":{"start":{"line":109,"column":2},"end":{"line":114,"column":4}},"15":{"start":{"line":110,"column":4},"end":{"line":113,"column":6}},"16":{"start":{"line":122,"column":2},"end":{"line":127,"column":4}},"17":{"start":{"line":123,"column":4},"end":{"line":126,"column":6}},"18":{"start":{"line":135,"column":2},"end":{"line":140,"column":4}},"19":{"start":{"line":136,"column":4},"end":{"line":139,"column":6}},"20":{"start":{"line":148,"column":2},"end":{"line":153,"column":4}},"21":{"start":{"line":149,"column":4},"end":{"line":152,"column":6}},"22":{"start":{"line":161,"column":2},"end":{"line":166,"column":4}},"23":{"start":{"line":162,"column":4},"end":{"line":165,"column":6}},"24":{"start":{"line":174,"column":2},"end":{"line":179,"column":4}},"25":{"start":{"line":175,"column":4},"end":{"line":178,"column":6}},"26":{"start":{"line":187,"column":2},"end":{"line":192,"column":4}},"27":{"start":{"line":188,"column":4},"end":{"line":191,"column":6}},"28":{"start":{"line":200,"column":2},"end":{"line":205,"column":4}},"29":{"start":{"line":201,"column":4},"end":{"line":204,"column":6}},"30":{"start":{"line":213,"column":2},"end":{"line":218,"column":4}},"31":{"start":{"line":214,"column":4},"end":{"line":217,"column":6}},"32":{"start":{"line":226,"column":2},"end":{"line":231,"column":4}},"33":{"start":{"line":227,"column":4},"end":{"line":230,"column":6}},"34":{"start":{"line":239,"column":2},"end":{"line":244,"column":4}},"35":{"start":{"line":240,"column":4},"end":{"line":243,"column":6}},"36":{"start":{"line":252,"column":2},"end":{"line":257,"column":4}},"37":{"start":{"line":253,"column":4},"end":{"line":256,"column":6}},"38":{"start":{"line":265,"column":2},"end":{"line":270,"column":4}},"39":{"start":{"line":266,"column":4},"end":{"line":269,"column":6}},"40":{"start":{"line":278,"column":2},"end":{"line":283,"column":4}},"41":{"start":{"line":279,"column":4},"end":{"line":282,"column":6}},"42":{"start":{"line":291,"column":2},"end":{"line":296,"column":4}},"43":{"start":{"line":292,"column":4},"end":{"line":295,"column":6}},"44":{"start":{"line":304,"column":2},"end":{"line":309,"column":4}},"45":{"start":{"line":305,"column":4},"end":{"line":308,"column":6}},"46":{"start":{"line":317,"column":2},"end":{"line":322,"column":4}},"47":{"start":{"line":318,"column":4},"end":{"line":321,"column":6}},"48":{"start":{"line":330,"column":2},"end":{"line":332,"column":4}},"49":{"start":{"line":331,"column":4},"end":{"line":331,"column":31}},"50":{"start":{"line":340,"column":2},"end":{"line":342,"column":4}},"51":{"start":{"line":341,"column":4},"end":{"line":341,"column":28}},"52":{"start":{"line":350,"column":2},"end":{"line":352,"column":4}},"53":{"start":{"line":351,"column":4},"end":{"line":351,"column":32}},"54":{"start":{"line":360,"column":2},"end":{"line":362,"column":4}},"55":{"start":{"line":361,"column":4},"end":{"line":361,"column":33}},"56":{"start":{"line":370,"column":2},"end":{"line":372,"column":4}},"57":{"start":{"line":371,"column":4},"end":{"line":371,"column":33}},"58":{"start":{"line":380,"column":2},"end":{"line":382,"column":4}},"59":{"start":{"line":381,"column":4},"end":{"line":381,"column":37}},"60":{"start":{"line":390,"column":2},"end":{"line":392,"column":4}},"61":{"start":{"line":391,"column":4},"end":{"line":391,"column":43}},"62":{"start":{"line":400,"column":2},"end":{"line":402,"column":4}},"63":{"start":{"line":401,"column":4},"end":{"line":401,"column":43}},"64":{"start":{"line":410,"column":2},"end":{"line":412,"column":4}},"65":{"start":{"line":411,"column":4},"end":{"line":411,"column":44}},"66":{"start":{"line":420,"column":2},"end":{"line":422,"column":4}},"67":{"start":{"line":421,"column":4},"end":{"line":421,"column":23}},"68":{"start":{"line":430,"column":2},"end":{"line":432,"column":4}},"69":{"start":{"line":431,"column":4},"end":{"line":431,"column":27}},"70":{"start":{"line":440,"column":2},"end":{"line":442,"column":4}},"71":{"start":{"line":441,"column":4},"end":{"line":441,"column":25}},"72":{"start":{"line":450,"column":2},"end":{"line":486,"column":4}},"73":{"start":{"line":451,"column":4},"end":{"line":485,"column":6}},"74":{"start":{"line":494,"column":2},"end":{"line":498,"column":3}},"75":{"start":{"line":495,"column":4},"end":{"line":497,"column":6}},"76":{"start":{"line":496,"column":7},"end":{"line":496,"column":42}},"77":{"start":{"line":501,"column":2},"end":{"line":501,"column":80}},"78":{"start":{"line":510,"column":2},"end":{"line":521,"column":3}},"79":{"start":{"line":511,"column":3},"end":{"line":511,"column":22}},"80":{"start":{"line":512,"column":3},"end":{"line":512,"column":48}},"81":{"start":{"line":513,"column":3},"end":{"line":519,"column":6}},"82":{"start":{"line":514,"column":5},"end":{"line":514,"column":40}},"83":{"start":{"line":515,"column":5},"end":{"line":517,"column":48}},"84":{"start":{"line":518,"column":5},"end":{"line":518,"column":39}},"85":{"start":{"line":518,"column":26},"end":{"line":518,"column":39}},"86":{"start":{"line":520,"column":3},"end":{"line":520,"column":17}},"87":{"start":{"line":524,"column":3},"end":{"line":524,"column":49}},"88":{"start":{"line":534,"column":2},"end":{"line":554,"column":3}},"89":{"start":{"line":535,"column":4},"end":{"line":553,"column":5}},"90":{"start":{"line":536,"column":6},"end":{"line":536,"column":30}},"91":{"start":{"line":537,"column":6},"end":{"line":537,"column":30}},"92":{"start":{"line":539,"column":6},"end":{"line":539,"column":65}},"93":{"start":{"line":539,"column":32},"end":{"line":539,"column":65}},"94":{"start":{"line":541,"column":6},"end":{"line":541,"column":65}},"95":{"start":{"line":541,"column":32},"end":{"line":541,"column":65}},"96":{"start":{"line":543,"column":6},"end":{"line":543,"column":41}},"97":{"start":{"line":545,"column":6},"end":{"line":545,"column":68}},"98":{"start":{"line":545,"column":33},"end":{"line":545,"column":68}},"99":{"start":{"line":547,"column":6},"end":{"line":547,"column":25}},"100":{"start":{"line":549,"column":6},"end":{"line":552,"column":8}},"101":{"start":{"line":557,"column":2},"end":{"line":557,"column":52}},"102":{"start":{"line":565,"column":2},"end":{"line":580,"column":3}},"103":{"start":{"line":566,"column":4},"end":{"line":566,"column":20}},"104":{"start":{"line":567,"column":4},"end":{"line":569,"column":27}},"105":{"start":{"line":570,"column":4},"end":{"line":578,"column":7}},"106":{"start":{"line":571,"column":6},"end":{"line":571,"column":44}},"107":{"start":{"line":572,"column":6},"end":{"line":577,"column":7}},"108":{"start":{"line":573,"column":8},"end":{"line":575,"column":10}},"109":{"start":{"line":576,"column":8},"end":{"line":576,"column":21}},"110":{"start":{"line":579,"column":4},"end":{"line":579,"column":19}},"111":{"start":{"line":583,"column":2},"end":{"line":583,"column":62}},"112":{"start":{"line":593,"column":2},"end":{"line":606,"column":3}},"113":{"start":{"line":594,"column":4},"end":{"line":594,"column":25}},"114":{"start":{"line":595,"column":4},"end":{"line":604,"column":7}},"115":{"start":{"line":596,"column":6},"end":{"line":599,"column":8}},"116":{"start":{"line":600,"column":6},"end":{"line":603,"column":7}},"117":{"start":{"line":601,"column":8},"end":{"line":601,"column":66}},"118":{"start":{"line":602,"column":8},"end":{"line":602,"column":21}},"119":{"start":{"line":605,"column":4},"end":{"line":605,"column":16}},"120":{"start":{"line":609,"column":2},"end":{"line":609,"column":56}},"121":{"start":{"line":625,"column":2},"end":{"line":652,"column":3}},"122":{"start":{"line":626,"column":4},"end":{"line":633,"column":6}},"123":{"start":{"line":634,"column":4},"end":{"line":636,"column":27}},"124":{"start":{"line":637,"column":4},"end":{"line":650,"column":7}},"125":{"start":{"line":638,"column":6},"end":{"line":638,"column":44}},"126":{"start":{"line":639,"column":6},"end":{"line":649,"column":7}},"127":{"start":{"line":640,"column":8},"end":{"line":642,"column":21}},"128":{"start":{"line":643,"column":8},"end":{"line":644,"column":43}},"129":{"start":{"line":645,"column":8},"end":{"line":645,"column":60}},"130":{"start":{"line":646,"column":8},"end":{"line":646,"column":60}},"131":{"start":{"line":647,"column":8},"end":{"line":647,"column":61}},"132":{"start":{"line":648,"column":8},"end":{"line":648,"column":21}},"133":{"start":{"line":651,"column":4},"end":{"line":651,"column":19}},"134":{"start":{"line":655,"column":2},"end":{"line":655,"column":52}},"135":{"start":{"line":665,"column":2},"end":{"line":678,"column":3}},"136":{"start":{"line":666,"column":4},"end":{"line":666,"column":25}},"137":{"start":{"line":667,"column":4},"end":{"line":676,"column":7}},"138":{"start":{"line":668,"column":6},"end":{"line":671,"column":8}},"139":{"start":{"line":672,"column":6},"end":{"line":675,"column":7}},"140":{"start":{"line":673,"column":8},"end":{"line":673,"column":66}},"141":{"start":{"line":674,"column":8},"end":{"line":674,"column":21}},"142":{"start":{"line":677,"column":4},"end":{"line":677,"column":16}},"143":{"start":{"line":681,"column":2},"end":{"line":681,"column":46}},"144":{"start":{"line":689,"column":2},"end":{"line":698,"column":3}},"145":{"start":{"line":690,"column":4},"end":{"line":690,"column":28}},"146":{"start":{"line":691,"column":4},"end":{"line":696,"column":7}},"147":{"start":{"line":692,"column":6},"end":{"line":695,"column":27}},"148":{"start":{"line":695,"column":8},"end":{"line":695,"column":27}},"149":{"start":{"line":697,"column":4},"end":{"line":697,"column":23}},"150":{"start":{"line":701,"column":2},"end":{"line":701,"column":50}},"151":{"start":{"line":705,"column":2},"end":{"line":705,"column":26}},"152":{"start":{"line":706,"column":2},"end":{"line":707,"column":43}},"153":{"start":{"line":708,"column":2},"end":{"line":709,"column":44}},"154":{"start":{"line":710,"column":2},"end":{"line":710,"column":63}},"155":{"start":{"line":711,"column":2},"end":{"line":711,"column":44}},"156":{"start":{"line":733,"column":2},"end":{"line":733,"column":18}},"157":{"start":{"line":734,"column":2},"end":{"line":920,"column":4}},"158":{"start":{"line":921,"column":2},"end":{"line":1016,"column":4}},"159":{"start":{"line":1017,"column":2},"end":{"line":1182,"column":4}},"160":{"start":{"line":1183,"column":2},"end":{"line":1193,"column":4}},"161":{"start":{"line":1194,"column":2},"end":{"line":1205,"column":4}}},"branchMap":{"1":{"line":23,"type":"if","locations":[{"start":{"line":23,"column":4},"end":{"line":23,"column":4}},{"start":{"line":23,"column":4},"end":{"line":23,"column":4}}]},"2":{"line":34,"type":"binary-expr","locations":[{"start":{"line":34,"column":11},"end":{"line":37,"column":5}},{"start":{"line":38,"column":4},"end":{"line":41,"column":5}},{"start":{"line":42,"column":4},"end":{"line":45,"column":5}},{"start":{"line":46,"column":4},"end":{"line":49,"column":5}},{"start":{"line":50,"column":4},"end":{"line":53,"column":5}}]},"3":{"line":63,"type":"binary-expr","locations":[{"start":{"line":63,"column":11},"end":{"line":66,"column":5}},{"start":{"line":67,"column":4},"end":{"line":70,"column":5}},{"start":{"line":71,"column":4},"end":{"line":74,"column":5}}]},"4":{"line":496,"type":"cond-expr","locations":[{"start":{"line":496,"column":29},"end":{"line":496,"column":33}},{"start":{"line":496,"column":36},"end":{"line":496,"column":41}}]},"5":{"line":516,"type":"binary-expr","locations":[{"start":{"line":516,"column":7},"end":{"line":516,"column":45}},{"start":{"line":517,"column":7},"end":{"line":517,"column":47}}]},"6":{"line":518,"type":"if","locations":[{"start":{"line":518,"column":5},"end":{"line":518,"column":5}},{"start":{"line":518,"column":5},"end":{"line":518,"column":5}}]},"7":{"line":539,"type":"if","locations":[{"start":{"line":539,"column":6},"end":{"line":539,"column":6}},{"start":{"line":539,"column":6},"end":{"line":539,"column":6}}]},"8":{"line":541,"type":"if","locations":[{"start":{"line":541,"column":6},"end":{"line":541,"column":6}},{"start":{"line":541,"column":6},"end":{"line":541,"column":6}}]},"9":{"line":545,"type":"if","locations":[{"start":{"line":545,"column":6},"end":{"line":545,"column":6}},{"start":{"line":545,"column":6},"end":{"line":545,"column":6}}]},"10":{"line":572,"type":"if","locations":[{"start":{"line":572,"column":6},"end":{"line":572,"column":6}},{"start":{"line":572,"column":6},"end":{"line":572,"column":6}}]},"11":{"line":600,"type":"if","locations":[{"start":{"line":600,"column":6},"end":{"line":600,"column":6}},{"start":{"line":600,"column":6},"end":{"line":600,"column":6}}]},"12":{"line":601,"type":"cond-expr","locations":[{"start":{"line":601,"column":30},"end":{"line":601,"column":45}},{"start":{"line":601,"column":48},"end":{"line":601,"column":65}}]},"13":{"line":639,"type":"if","locations":[{"start":{"line":639,"column":6},"end":{"line":639,"column":6}},{"start":{"line":639,"column":6},"end":{"line":639,"column":6}}]},"14":{"line":641,"type":"binary-expr","locations":[{"start":{"line":641,"column":10},"end":{"line":641,"column":63}},{"start":{"line":642,"column":13},"end":{"line":642,"column":20}}]},"15":{"line":645,"type":"binary-expr","locations":[{"start":{"line":645,"column":35},"end":{"line":645,"column":54}},{"start":{"line":645,"column":58},"end":{"line":645,"column":59}}]},"16":{"line":646,"type":"binary-expr","locations":[{"start":{"line":646,"column":35},"end":{"line":646,"column":54}},{"start":{"line":646,"column":58},"end":{"line":646,"column":59}}]},"17":{"line":647,"type":"binary-expr","locations":[{"start":{"line":647,"column":36},"end":{"line":647,"column":55}},{"start":{"line":647,"column":59},"end":{"line":647,"column":60}}]},"18":{"line":672,"type":"if","locations":[{"start":{"line":672,"column":6},"end":{"line":672,"column":6}},{"start":{"line":672,"column":6},"end":{"line":672,"column":6}}]},"19":{"line":673,"type":"cond-expr","locations":[{"start":{"line":673,"column":30},"end":{"line":673,"column":45}},{"start":{"line":673,"column":48},"end":{"line":673,"column":65}}]},"20":{"line":692,"type":"if","locations":[{"start":{"line":692,"column":6},"end":{"line":692,"column":6}},{"start":{"line":692,"column":6},"end":{"line":692,"column":6}}]},"21":{"line":693,"type":"binary-expr","locations":[{"start":{"line":693,"column":8},"end":{"line":693,"column":41}},{"start":{"line":694,"column":8},"end":{"line":694,"column":56}}]}},"l":{"14":1,"22":1,"23":2,"24":2,"33":1,"34":5,"62":1,"63":5,"83":1,"84":5,"96":1,"97":5,"109":1,"110":5,"122":1,"123":4,"135":1,"136":5,"148":1,"149":5,"161":1,"162":4,"174":1,"175":5,"187":1,"188":5,"200":1,"201":5,"213":1,"214":5,"226":1,"227":5,"239":1,"240":5,"252":1,"253":5,"265":1,"266":5,"278":1,"279":5,"291":1,"292":5,"304":1,"305":5,"317":1,"318":5,"330":1,"331":5,"340":1,"341":5,"350":1,"351":5,"360":1,"361":5,"370":1,"371":5,"380":1,"381":6,"390":1,"391":5,"400":1,"401":5,"410":1,"411":5,"420":1,"421":5,"430":1,"431":5,"440":1,"441":2,"450":1,"451":3,"494":1,"495":845,"496":1351,"501":1,"510":1,"511":841,"512":841,"513":841,"514":1174,"515":1174,"518":1174,"520":841,"524":1,"534":1,"535":419,"536":419,"537":419,"539":419,"541":419,"543":419,"545":419,"547":419,"549":0,"557":1,"565":1,"566":12,"567":12,"570":12,"571":120,"572":120,"573":0,"576":0,"579":12,"583":1,"593":1,"594":41,"595":41,"596":205,"600":205,"601":41,"602":41,"605":41,"609":1,"625":1,"626":32,"634":32,"637":32,"638":384,"639":384,"640":32,"643":32,"645":32,"646":32,"647":32,"648":32,"651":32,"655":1,"665":1,"666":11,"667":11,"668":88,"672":88,"673":11,"674":11,"677":11,"681":1,"689":1,"690":6,"691":6,"692":30,"695":0,"697":6,"701":1,"705":1,"706":1,"708":1,"710":1,"711":1,"733":1,"734":1,"921":1,"1017":1,"1183":1,"1194":1}}}
