TN:
SF:/Users/simongattner/Documents/projects/js.device.detector/src/js/jquery.device.detector.js
FN:14,(anonymous_1)
FN:22,(anonymous_2)
FN:33,(anonymous_3)
FN:62,(anonymous_4)
FN:83,(anonymous_5)
FN:96,(anonymous_6)
FN:109,(anonymous_7)
FN:122,(anonymous_8)
FN:135,(anonymous_9)
FN:148,(anonymous_10)
FN:161,(anonymous_11)
FN:174,(anonymous_12)
FN:187,(anonymous_13)
FN:200,(anonymous_14)
FN:213,(anonymous_15)
FN:226,(anonymous_16)
FN:239,(anonymous_17)
FN:252,(anonymous_18)
FN:265,(anonymous_19)
FN:278,(anonymous_20)
FN:291,(anonymous_21)
FN:304,(anonymous_22)
FN:317,(anonymous_23)
FN:330,(anonymous_24)
FN:340,(anonymous_25)
FN:350,(anonymous_26)
FN:360,(anonymous_27)
FN:370,(anonymous_28)
FN:380,(anonymous_29)
FN:390,(anonymous_30)
FN:400,(anonymous_31)
FN:410,(anonymous_32)
FN:420,(anonymous_33)
FN:430,(anonymous_34)
FN:440,(anonymous_35)
FN:450,(anonymous_36)
FN:494,removeEmptyValuesFromArray
FN:495,(anonymous_38)
FN:510,isMatching
FN:513,(anonymous_40)
FN:534,isDeviceType
FN:565,getBrowserVersion
FN:570,(anonymous_43)
FN:593,getBrowserName
FN:595,(anonymous_45)
FN:625,getOsVersion
FN:637,(anonymous_47)
FN:665,getOsName
FN:667,(anonymous_49)
FN:689,isSupported
FN:691,(anonymous_51)
FNF:51
FNH:51
FNDA:1,(anonymous_1)
FNDA:2,(anonymous_2)
FNDA:5,(anonymous_3)
FNDA:5,(anonymous_4)
FNDA:5,(anonymous_5)
FNDA:5,(anonymous_6)
FNDA:5,(anonymous_7)
FNDA:4,(anonymous_8)
FNDA:5,(anonymous_9)
FNDA:5,(anonymous_10)
FNDA:4,(anonymous_11)
FNDA:5,(anonymous_12)
FNDA:5,(anonymous_13)
FNDA:5,(anonymous_14)
FNDA:5,(anonymous_15)
FNDA:5,(anonymous_16)
FNDA:5,(anonymous_17)
FNDA:5,(anonymous_18)
FNDA:5,(anonymous_19)
FNDA:5,(anonymous_20)
FNDA:5,(anonymous_21)
FNDA:5,(anonymous_22)
FNDA:5,(anonymous_23)
FNDA:5,(anonymous_24)
FNDA:5,(anonymous_25)
FNDA:5,(anonymous_26)
FNDA:5,(anonymous_27)
FNDA:5,(anonymous_28)
FNDA:6,(anonymous_29)
FNDA:5,(anonymous_30)
FNDA:5,(anonymous_31)
FNDA:5,(anonymous_32)
FNDA:5,(anonymous_33)
FNDA:5,(anonymous_34)
FNDA:2,(anonymous_35)
FNDA:3,(anonymous_36)
FNDA:845,removeEmptyValuesFromArray
FNDA:1351,(anonymous_38)
FNDA:841,isMatching
FNDA:1174,(anonymous_40)
FNDA:419,isDeviceType
FNDA:12,getBrowserVersion
FNDA:120,(anonymous_43)
FNDA:41,getBrowserName
FNDA:205,(anonymous_45)
FNDA:32,getOsVersion
FNDA:384,(anonymous_47)
FNDA:11,getOsName
FNDA:88,(anonymous_49)
FNDA:6,isSupported
FNDA:30,(anonymous_51)
DA:14,1
DA:22,1
DA:23,2
DA:24,2
DA:33,1
DA:34,5
DA:62,1
DA:63,5
DA:83,1
DA:84,5
DA:96,1
DA:97,5
DA:109,1
DA:110,5
DA:122,1
DA:123,4
DA:135,1
DA:136,5
DA:148,1
DA:149,5
DA:161,1
DA:162,4
DA:174,1
DA:175,5
DA:187,1
DA:188,5
DA:200,1
DA:201,5
DA:213,1
DA:214,5
DA:226,1
DA:227,5
DA:239,1
DA:240,5
DA:252,1
DA:253,5
DA:265,1
DA:266,5
DA:278,1
DA:279,5
DA:291,1
DA:292,5
DA:304,1
DA:305,5
DA:317,1
DA:318,5
DA:330,1
DA:331,5
DA:340,1
DA:341,5
DA:350,1
DA:351,5
DA:360,1
DA:361,5
DA:370,1
DA:371,5
DA:380,1
DA:381,6
DA:390,1
DA:391,5
DA:400,1
DA:401,5
DA:410,1
DA:411,5
DA:420,1
DA:421,5
DA:430,1
DA:431,5
DA:440,1
DA:441,2
DA:450,1
DA:451,3
DA:494,1
DA:495,845
DA:496,1351
DA:501,1
DA:510,1
DA:511,841
DA:512,841
DA:513,841
DA:514,1174
DA:515,1174
DA:518,1174
DA:520,841
DA:524,1
DA:534,1
DA:535,419
DA:536,419
DA:537,419
DA:539,419
DA:541,419
DA:543,419
DA:545,419
DA:547,419
DA:549,0
DA:557,1
DA:565,1
DA:566,12
DA:567,12
DA:570,12
DA:571,120
DA:572,120
DA:573,0
DA:576,0
DA:579,12
DA:583,1
DA:593,1
DA:594,41
DA:595,41
DA:596,205
DA:600,205
DA:601,41
DA:602,41
DA:605,41
DA:609,1
DA:625,1
DA:626,32
DA:634,32
DA:637,32
DA:638,384
DA:639,384
DA:640,32
DA:643,32
DA:645,32
DA:646,32
DA:647,32
DA:648,32
DA:651,32
DA:655,1
DA:665,1
DA:666,11
DA:667,11
DA:668,88
DA:672,88
DA:673,11
DA:674,11
DA:677,11
DA:681,1
DA:689,1
DA:690,6
DA:691,6
DA:692,30
DA:695,0
DA:697,6
DA:701,1
DA:705,1
DA:706,1
DA:708,1
DA:710,1
DA:711,1
DA:733,1
DA:734,1
DA:921,1
DA:1017,1
DA:1183,1
DA:1194,1
LF:156
LH:152
BRDA:23,1,0,2
BRDA:23,1,1,0
BRDA:34,2,0,5
BRDA:34,2,1,5
BRDA:34,2,2,5
BRDA:34,2,3,5
BRDA:34,2,4,5
BRDA:63,3,0,5
BRDA:63,3,1,0
BRDA:63,3,2,0
BRDA:496,4,0,167
BRDA:496,4,1,1184
BRDA:516,5,0,1174
BRDA:516,5,1,1107
BRDA:518,6,0,67
BRDA:518,6,1,1107
BRDA:539,7,0,342
BRDA:539,7,1,77
BRDA:541,8,0,305
BRDA:541,8,1,114
BRDA:545,9,0,419
BRDA:545,9,1,0
BRDA:572,10,0,0
BRDA:572,10,1,120
BRDA:600,11,0,41
BRDA:600,11,1,164
BRDA:601,12,0,35
BRDA:601,12,1,6
BRDA:639,13,0,32
BRDA:639,13,1,352
BRDA:641,14,0,32
BRDA:641,14,1,32
BRDA:645,15,0,32
BRDA:645,15,1,32
BRDA:646,16,0,32
BRDA:646,16,1,32
BRDA:647,17,0,32
BRDA:647,17,1,32
BRDA:672,18,0,11
BRDA:672,18,1,77
BRDA:673,19,0,5
BRDA:673,19,1,6
BRDA:692,20,0,0
BRDA:692,20,1,30
BRDA:693,21,0,30
BRDA:693,21,1,6
BRF:46
BRH:40
end_of_record
